<?xml version="1.0" encoding="UTF-8"?>
<testsuite name="com.extrotarget.extropos.printer.PrinterRepositoryTest" tests="1" skipped="0" failures="0" errors="0" timestamp="2025-10-07T08:40:39.321Z" hostname="Notebook" time="6.324">
  <properties/>
  <testcase name="testPrintReturnsFailureWhenNoPrinter" classname="com.extrotarget.extropos.printer.PrinterRepositoryTest" time="6.324"/>
  <system-out><![CDATA[]]></system-out>
  <system-err><![CDATA[]]></system-err>
</testsuite>
